TN:
SF:src/AccountKeychain.sol
DA:52,0
FN:52,AccountKeychain._spendingLimitKey
FNDA:0,AccountKeychain._spendingLimitKey
DA:53,0
DA:57,0
FN:57,AccountKeychain._requireRootKey
FNDA:0,AccountKeychain._requireRootKey
DA:58,0
BRDA:58,0,0,-
DA:59,0
DA:66,0
FN:66,AccountKeychain.authorizeKey
FNDA:0,AccountKeychain.authorizeKey
DA:74,0
DA:77,0
BRDA:77,1,0,-
DA:78,0
DA:82,0
DA:83,0
BRDA:83,2,0,-
DA:84,0
DA:88,0
BRDA:88,3,0,-
DA:89,0
DA:93,0
DA:94,0
BRDA:94,4,0,-
DA:95,0
DA:99,0
DA:104,0
BRDA:104,5,0,-
DA:105,0
DA:106,0
DA:107,0
DA:112,0
DA:116,0
FN:116,AccountKeychain.revokeKey
FNDA:0,AccountKeychain.revokeKey
DA:117,0
DA:119,0
DA:122,0
BRDA:122,6,0,-
DA:123,0
DA:129,0
DA:135,0
DA:139,0
FN:139,AccountKeychain.updateSpendingLimit
FNDA:0,AccountKeychain.updateSpendingLimit
DA:140,0
DA:142,0
DA:145,0
BRDA:145,7,0,-
DA:146,0
DA:150,0
BRDA:150,8,0,-
DA:151,0
DA:155,0
BRDA:155,9,0,-
DA:156,0
DA:160,0
BRDA:160,10,0,-
DA:161,0
DA:165,0
DA:166,0
DA:169,0
DA:175,0
FN:175,AccountKeychain.getKey
FNDA:0,AccountKeychain.getKey
DA:176,0
DA:179,0
BRDA:179,11,0,-
DA:180,0
DA:190,0
DA:191,0
BRDA:191,12,0,-
BRDA:191,12,1,-
DA:192,0
DA:193,0
BRDA:193,13,0,-
BRDA:193,13,1,-
DA:194,0
DA:195,0
BRDA:195,14,0,-
BRDA:195,14,1,-
DA:196,0
DA:198,0
DA:201,0
DA:211,0
FN:211,AccountKeychain.getRemainingLimit
FNDA:0,AccountKeychain.getRemainingLimit
DA:216,0
DA:217,0
DA:221,0
FN:221,AccountKeychain.getTransactionKey
FNDA:0,AccountKeychain.getTransactionKey
DA:222,0
DA:237,0
FN:237,AccountKeychain._setTransactionKey
FNDA:0,AccountKeychain._setTransactionKey
DA:238,0
DA:247,0
FN:247,AccountKeychain._verifyAndUpdateSpending
FNDA:0,AccountKeychain._verifyAndUpdateSpending
DA:251,0
BRDA:251,15,0,-
DA:252,0
DA:255,0
DA:258,0
BRDA:258,16,0,-
DA:259,0
DA:263,0
BRDA:263,17,0,-
DA:264,0
DA:268,0
BRDA:268,18,0,-
DA:269,0
DA:273,0
DA:274,0
DA:276,0
BRDA:276,19,0,-
DA:277,0
DA:282,0
FNF:10
FNH:0
LF:79
LH:0
BRF:23
BRH:0
end_of_record
TN:
SF:src/FeeAMM.sol
DA:25,0
FN:25,FeeAMM._requireU128
FNDA:0,FeeAMM._requireU128
DA:26,0
BRDA:26,0,0,-
DA:30,0
FN:30,FeeAMM._requireUSDTIP20
FNDA:0,FeeAMM._requireUSDTIP20
DA:32,0
BRDA:32,1,0,-
DA:33,0
BRDA:33,2,0,-
DA:34,0
DA:38,0
FN:38,FeeAMM.getPoolId
FNDA:0,FeeAMM.getPoolId
DA:40,0
DA:43,0
FN:43,FeeAMM.getPool
FNDA:0,FeeAMM.getPool
DA:48,0
DA:49,0
DA:52,0
FN:52,FeeAMM.checkSufficientLiquidity
FNDA:0,FeeAMM.checkSufficientLiquidity
DA:56,0
DA:57,0
DA:58,0
BRDA:58,3,0,-
DA:61,0
FN:61,FeeAMM.executeFeeSwap
FNDA:0,FeeAMM.executeFeeSwap
DA:65,0
DA:66,0
DA:68,0
DA:70,0
DA:71,0
DA:73,0
BRDA:73,4,0,-
DA:75,0
DA:76,0
DA:79,0
FN:79,FeeAMM.rebalanceSwap
FNDA:0,FeeAMM.rebalanceSwap
DA:83,0
BRDA:83,5,0,-
DA:85,0
DA:90,0
DA:92,0
DA:95,0
DA:96,0
DA:98,0
BRDA:98,6,0,-
DA:99,0
DA:102,0
BRDA:102,7,0,-
DA:104,0
DA:105,0
DA:108,0
DA:109,0
DA:111,0
DA:115,0
FN:115,FeeAMM.mint
FNDA:0,FeeAMM.mint
DA:121,0
BRDA:121,8,0,-
DA:122,0
BRDA:122,9,0,-
DA:124,0
DA:125,0
DA:127,0
DA:129,0
DA:130,0
DA:132,0
BRDA:132,10,0,-
BRDA:132,10,1,-
DA:134,0
BRDA:134,11,0,-
DA:135,0
DA:137,0
DA:138,0
DA:143,0
DA:144,0
DA:145,0
DA:148,0
BRDA:148,12,0,-
DA:149,0
DA:153,0
DA:156,0
DA:159,0
DA:162,0
DA:163,0
DA:165,0
DA:168,0
FN:168,FeeAMM.burn
FNDA:0,FeeAMM.burn
DA:172,0
BRDA:172,13,0,-
DA:173,0
BRDA:173,14,0,-
DA:175,0
DA:177,0
DA:179,0
BRDA:179,15,0,-
DA:180,0
DA:184,0
DA:187,0
DA:188,0
DA:191,0
DA:192,0
DA:195,0
DA:196,0
DA:199,0
DA:200,0
DA:202,0
DA:213,0
FN:213,FeeAMM._calculateBurnAmounts
FNDA:0,FeeAMM._calculateBurnAmounts
DA:218,0
DA:221,0
DA:222,0
FNF:10
FNH:0
LF:84
LH:0
BRF:17
BRH:0
end_of_record
TN:
SF:src/FeeManager.sol
DA:17,0
FN:17,FeeManager.onlyDirectCall
FNDA:0,FeeManager.onlyDirectCall
DA:18,0
BRDA:18,0,0,-
BRDA:18,0,1,-
DA:22,0
FN:22,FeeManager.setValidatorToken
FNDA:0,FeeManager.setValidatorToken
DA:23,0
BRDA:23,1,0,-
BRDA:23,1,1,-
DA:24,0
DA:25,0
DA:26,0
DA:29,0
FN:29,FeeManager.setUserToken
FNDA:0,FeeManager.setUserToken
DA:30,0
DA:31,0
DA:32,0
DA:35,0
FN:35,FeeManager.collectFeePreTx
FNDA:0,FeeManager.collectFeePreTx
DA:36,0
BRDA:36,2,0,-
BRDA:36,2,1,-
DA:38,0
DA:39,0
BRDA:39,3,0,-
DA:40,0
DA:43,0
DA:45,0
BRDA:45,4,0,-
DA:46,0
DA:50,0
FN:50,FeeManager.collectFeePostTx
FNDA:0,FeeManager.collectFeePostTx
DA:56,0
BRDA:56,5,0,-
BRDA:56,5,1,-
DA:58,0
DA:59,0
DA:60,0
BRDA:60,6,0,-
DA:61,0
DA:64,0
DA:65,0
DA:67,0
BRDA:67,7,0,-
BRDA:67,7,1,-
DA:68,0
DA:69,0
DA:70,0
BRDA:70,8,0,-
DA:71,0
DA:75,0
FN:75,FeeManager.distributeFees
FNDA:0,FeeManager.distributeFees
DA:76,0
DA:77,0
BRDA:77,9,0,-
DA:78,0
DA:81,0
DA:83,0
DA:85,0
FNF:6
FNH:0
LF:39
LH:0
BRF:15
BRH:0
end_of_record
TN:
SF:src/Multisig.sol
DA:65,4
FN:65,Multisig.onlyOwner
FNDA:4,Multisig.onlyOwner
DA:66,4
BRDA:66,0,0,-
DA:70,7
FN:70,Multisig.onlyMultisig
FNDA:7,Multisig.onlyMultisig
DA:71,7
BRDA:71,1,0,-
DA:75,8
FN:75,Multisig.nonReentrant
FNDA:8,Multisig.nonReentrant
DA:76,1
BRDA:76,2,0,1
DA:77,7
DA:79,3
DA:82,4
FN:82,Multisig.txExists
FNDA:4,Multisig.txExists
DA:83,4
BRDA:83,3,0,-
DA:87,4
FN:87,Multisig.notExecuted
FNDA:4,Multisig.notExecuted
DA:88,1
BRDA:88,4,0,1
DA:92,3
FN:92,Multisig.notCancelled
FNDA:3,Multisig.notCancelled
DA:93,1
BRDA:93,5,0,1
DA:97,286
FN:97,Multisig.notExpired
FNDA:286,Multisig.notExpired
DA:98,286
DA:99,286
BRDA:99,6,0,1
DA:100,1
DA:116,832
FN:116,Multisig.constructor
FNDA:832,Multisig.constructor
DA:117,832
BRDA:117,7,0,1
DA:118,831
BRDA:118,8,0,-
DA:119,831
BRDA:119,9,0,2
DA:120,2
DA:124,829
DA:125,829
DA:126,8721
DA:127,8721
BRDA:127,10,0,1
DA:128,1
BRDA:128,11,0,1
DA:129,8719
DA:130,8719
DA:133,827
DA:138,264
FN:138,Multisig.owners
FNDA:264,Multisig.owners
DA:139,264
DA:142,5
FN:142,Multisig.isOwner
FNDA:5,Multisig.isOwner
DA:143,5
DA:146,516
FN:146,Multisig.threshold
FNDA:516,Multisig.threshold
DA:147,516
DA:150,1
FN:150,Multisig.transactionCount
FNDA:1,Multisig.transactionCount
DA:151,1
DA:154,8
FN:154,Multisig.getTransaction
FNDA:8,Multisig.getTransaction
DA:169,8
DA:170,8
DA:181,3
FN:181,Multisig.isConfirmedBy
FNDA:3,Multisig.isConfirmedBy
DA:188,3
DA:191,1
FN:191,Multisig.getConfirmations
FNDA:1,Multisig.getConfirmations
DA:198,1
DA:199,1
DA:200,2
BRDA:200,12,0,2
DA:203,1
DA:204,1
DA:205,1
DA:206,2
BRDA:206,13,0,2
DA:207,2
DA:210,1
DA:213,261
FN:213,Multisig.getValidConfirmationCount
FNDA:261,Multisig.getValidConfirmationCount
DA:220,261
DA:225,305
FN:225,Multisig.submitTransaction
FNDA:305,Multisig.submitTransaction
DA:231,304
DA:234,2
FN:234,Multisig.submitTransactionWithExpiry
FNDA:2,Multisig.submitTransactionWithExpiry
DA:240,2
BRDA:240,14,0,1
BRDA:240,14,1,1
DA:241,1
DA:244,288
FN:244,Multisig.confirmTransaction
FNDA:288,Multisig.confirmTransaction
DA:253,1
BRDA:253,15,0,1
DA:255,284
DA:256,284
DA:258,284
DA:261,4
FN:261,Multisig.revokeConfirmation
FNDA:4,Multisig.revokeConfirmation
DA:269,2
BRDA:269,16,0,1
DA:271,1
DA:272,1
DA:274,1
DA:277,9
FN:277,Multisig.cancelTransaction
FNDA:9,Multisig.cancelTransaction
DA:285,8
BRDA:285,17,0,8
DA:286,8
DA:287,8
DA:290,8
BRDA:290,18,0,4
DA:291,4
DA:292,4
DA:296,30
FN:296,Multisig.executeTransaction
FNDA:30,Multisig.executeTransaction
DA:306,27
DA:307,27
BRDA:307,19,0,1
DA:308,1
DA:311,26
DA:312,26
DA:315,26
BRDA:315,20,0,2
DA:316,2
DA:319,2
DA:320,2
DA:321,2
BRDA:321,21,0,1
DA:325,25
BRDA:325,22,0,21
DA:326,21
DA:327,21
BRDA:327,23,0,11
DA:330,14
DA:333,9
FN:333,Multisig.execute
FNDA:9,Multisig.execute
DA:339,7
BRDA:339,24,0,1
BRDA:339,24,1,6
DA:341,6
DA:343,6
DA:344,6
DA:346,6
BRDA:346,25,0,2
DA:347,2
DA:348,2
DA:349,2
DA:350,2
BRDA:350,26,0,1
DA:353,5
BRDA:353,27,0,3
DA:354,3
DA:355,3
BRDA:355,28,0,2
DA:358,3
DA:363,4
FN:363,Multisig.addOwner
FNDA:4,Multisig.addOwner
DA:364,3
BRDA:364,29,0,-
DA:365,1
BRDA:365,30,0,1
DA:366,2
BRDA:366,31,0,1
DA:369,1
DA:370,1
DA:371,1
DA:374,1
DA:375,1
DA:377,1
DA:380,7
FN:380,Multisig.removeOwner
FNDA:7,Multisig.removeOwner
DA:381,7
BRDA:381,32,0,1
DA:382,6
BRDA:382,33,0,1
DA:383,5
BRDA:383,34,0,1
DA:384,1
DA:387,4
DA:388,4
DA:391,4
DA:393,4
DA:396,6
FN:396,Multisig.replaceOwner
FNDA:6,Multisig.replaceOwner
DA:397,6
BRDA:397,35,0,1
DA:398,5
BRDA:398,36,0,1
DA:399,1
BRDA:399,37,0,1
DA:402,3
DA:403,3
DA:406,3
DA:407,3
DA:410,3
DA:411,3
DA:412,3
DA:415,3
DA:416,3
DA:418,3
DA:421,3
FN:421,Multisig.changeThreshold
FNDA:3,Multisig.changeThreshold
DA:422,3
BRDA:422,38,0,2
DA:423,2
DA:426,1
DA:427,1
DA:429,1
DA:434,311
FN:434,Multisig._submitTransaction
FNDA:311,Multisig._submitTransaction
DA:438,311
BRDA:438,39,0,1
DA:441,310
BRDA:441,40,0,1
DA:443,309
DA:445,309
DA:455,309
DA:457,309
DA:458,309
DA:462,288
FN:462,Multisig._countValidConfirmations
FNDA:288,Multisig._countValidConfirmations
DA:463,288
DA:464,288
DA:465,288
DA:468,288
DA:469,906
DA:470,565
BRDA:470,41,0,565
DA:472,565
DA:473,565
BRDA:473,42,0,565
DA:475,565
DA:476,565
DA:477,280
BRDA:477,43,0,-
DA:478,0
DA:479,0
DA:482,565
BRDA:482,44,0,565
DA:483,565
DA:484,565
DA:490,288
DA:495,565
FN:495,Multisig._resolveOwner
FNDA:565,Multisig._resolveOwner
DA:496,565
DA:499,565
DA:500,0
DA:504,565
BRDA:504,45,0,-
DA:505,0
DA:508,565
DA:512,829
FN:512,Multisig._sortOwners
FNDA:829,Multisig._sortOwners
DA:513,829
DA:514,829
BRDA:514,46,0,120
DA:516,709
DA:517,7893
DA:518,120847
BRDA:518,47,0,2
DA:519,2
DA:523,709
DA:527,4
FN:527,Multisig._insertOwnerSorted
FNDA:4,Multisig._insertOwnerSorted
DA:528,4
DA:529,4
DA:531,4
DA:532,0
DA:533,0
DA:535,4
DA:539,7
FN:539,Multisig._removeOwnerFromArray
FNDA:7,Multisig._removeOwnerFromArray
DA:540,7
DA:541,7
DA:542,15
BRDA:542,48,0,7
DA:543,7
DA:544,7
DA:548,7
BRDA:548,49,0,7
DA:549,7
DA:550,6
DA:552,7
FNF:33
FNH:33
LF:204
LH:198
BRF:52
BRH:45
end_of_record
TN:
SF:src/MultisigFactory.sol
DA:25,265
FN:25,MultisigFactory.createMultisig
FNDA:265,MultisigFactory.createMultisig
DA:31,265
BRDA:31,0,0,1
DA:32,264
BRDA:32,1,0,1
DA:33,263
BRDA:33,2,0,2
DA:34,2
DA:38,261
DA:39,261
DA:40,3885
BRDA:40,3,0,1
DA:41,3884
BRDA:41,4,0,1
DA:45,259
DA:48,259
DA:49,259
BRDA:49,5,0,-
DA:52,259
BRDA:52,6,0,-
DA:55,259
DA:56,259
DA:61,259
DA:63,259
DA:65,259
DA:68,1
FN:68,MultisigFactory.getMultisigAddress
FNDA:1,MultisigFactory.getMultisigAddress
DA:74,1
DA:75,1
DA:77,1
DA:78,1
BRDA:78,7,0,-
DA:80,1
DA:83,259
FN:83,MultisigFactory.isMultisig
FNDA:259,MultisigFactory.isMultisig
DA:86,259
DA:92,260
FN:92,MultisigFactory._computeAddress
FNDA:260,MultisigFactory._computeAddress
DA:97,260
DA:101,260
DA:103,260
DA:105,260
DA:107,260
DA:111,262
FN:111,MultisigFactory._sortOwners
FNDA:262,MultisigFactory._sortOwners
DA:112,262
DA:113,262
DA:114,3888
DA:118,262
DA:119,262
BRDA:119,8,0,61
DA:121,201
DA:122,3626
DA:123,59581
BRDA:123,9,0,2
DA:124,2
DA:129,201
FNF:5
FNH:5
LF:43
LH:43
BRF:10
BRH:7
end_of_record
TN:
SF:src/Nonce.sol
DA:29,0
FN:29,Nonce.getNonce
FNDA:0,Nonce.getNonce
DA:32,0
BRDA:32,0,0,-
DA:33,0
DA:36,0
DA:46,0
FN:46,Nonce._incrementNonce
FNDA:0,Nonce._incrementNonce
DA:47,0
BRDA:47,1,0,-
DA:48,0
DA:51,0
DA:54,0
BRDA:54,2,0,-
DA:55,0
DA:58,0
DA:59,0
DA:61,0
FNF:2
FNH:0
LF:13
LH:0
BRF:3
BRH:0
end_of_record
TN:
SF:src/StablecoinDEX.sol
DA:80,0
FN:80,StablecoinDEX.tickToPrice
FNDA:0,StablecoinDEX.tickToPrice
DA:81,0
DA:85,0
FN:85,StablecoinDEX.priceToTick
FNDA:0,StablecoinDEX.priceToTick
DA:86,0
BRDA:86,0,0,-
DA:88,0
DA:89,0
DA:91,0
DA:96,0
FN:96,StablecoinDEX.baseToQuoteCeil
FNDA:0,StablecoinDEX.baseToQuoteCeil
DA:97,0
DA:98,0
DA:102,0
FN:102,StablecoinDEX._setTickBit
FNDA:0,StablecoinDEX._setTickBit
DA:103,0
DA:104,0
DA:105,0
DA:106,0
DA:107,0
BRDA:107,1,0,-
BRDA:107,1,1,-
DA:108,0
DA:110,0
DA:115,0
FN:115,StablecoinDEX._clearTickBit
FNDA:0,StablecoinDEX._clearTickBit
DA:116,0
DA:117,0
DA:118,0
DA:119,0
DA:120,0
BRDA:120,2,0,-
BRDA:120,2,1,-
DA:121,0
DA:123,0
DA:131,0
FN:131,StablecoinDEX._checkTransferPolicy
FNDA:0,StablecoinDEX._checkTransferPolicy
DA:132,0
DA:133,0
DA:134,0
DA:140,0
FN:140,StablecoinDEX.pairKey
FNDA:0,StablecoinDEX.pairKey
DA:141,0
DA:148,0
FN:148,StablecoinDEX.createPair
FNDA:0,StablecoinDEX.createPair
DA:150,0
BRDA:150,3,0,-
DA:151,0
DA:154,0
DA:156,0
BRDA:156,4,0,-
DA:157,0
DA:159,0
BRDA:159,5,0,-
DA:160,0
DA:163,0
DA:166,0
DA:167,0
BRDA:167,6,0,-
DA:168,0
DA:170,0
DA:171,0
DA:173,0
DA:174,0
DA:176,0
DA:188,0
FN:188,StablecoinDEX._placeOrder
FNDA:0,StablecoinDEX._placeOrder
DA:199,0
DA:200,0
DA:202,0
BRDA:202,7,0,-
DA:203,0
DA:206,0
BRDA:206,8,0,-
DA:207,0
DA:209,0
BRDA:209,9,0,-
DA:211,0
BRDA:211,10,0,-
DA:212,0
DA:215,0
BRDA:215,11,0,-
DA:216,0
BRDA:216,12,0,-
DA:217,0
DA:219,0
BRDA:219,13,0,-
DA:220,0
DA:223,0
BRDA:223,14,0,-
BRDA:223,14,1,-
DA:224,0
BRDA:224,15,0,-
DA:225,0
DA:228,0
BRDA:228,16,0,-
DA:229,0
DA:235,0
DA:236,0
DA:237,0
BRDA:237,17,0,-
BRDA:237,17,1,-
DA:239,0
DA:240,0
DA:243,0
DA:244,0
DA:248,0
BRDA:248,18,0,-
DA:249,0
BRDA:249,19,0,-
BRDA:249,19,1,-
DA:250,0
DA:252,0
DA:257,0
DA:258,0
BRDA:258,20,0,-
BRDA:258,20,1,-
DA:259,0
DA:260,0
BRDA:260,21,0,-
BRDA:260,21,1,-
DA:261,0
DA:262,0
DA:265,0
DA:268,0
DA:269,0
DA:271,0
DA:286,0
DA:288,0
DA:289,0
DA:298,0
FN:298,StablecoinDEX._commitOrderToBook
FNDA:0,StablecoinDEX._commitOrderToBook
DA:305,0
DA:306,0
DA:308,0
DA:309,0
BRDA:309,22,0,-
BRDA:309,22,1,-
DA:310,0
DA:311,0
DA:312,0
DA:315,0
BRDA:315,23,0,-
BRDA:315,23,1,-
DA:316,0
BRDA:316,24,0,-
DA:317,0
DA:320,0
BRDA:320,25,0,-
DA:321,0
DA:325,0
DA:326,0
DA:327,0
DA:331,0
DA:340,0
FN:340,StablecoinDEX.place
FNDA:0,StablecoinDEX.place
DA:344,0
DA:345,0
DA:355,0
FN:355,StablecoinDEX.placeFlip
FNDA:0,StablecoinDEX.placeFlip
DA:359,0
DA:360,0
DA:363,0
FN:363,StablecoinDEX.cancel
FNDA:0,StablecoinDEX.cancel
DA:364,0
DA:365,0
BRDA:365,26,0,-
DA:366,0
DA:368,0
BRDA:368,27,0,-
DA:369,0
DA:372,0
DA:378,0
FN:378,StablecoinDEX.cancelStaleOrder
FNDA:0,StablecoinDEX.cancelStaleOrder
DA:379,0
DA:380,0
BRDA:380,28,0,-
DA:381,0
DA:384,0
DA:385,0
DA:388,0
DA:389,0
BRDA:389,29,0,-
DA:390,0
DA:393,0
DA:400,0
FN:400,StablecoinDEX._cancelOrder
FNDA:0,StablecoinDEX._cancelOrder
DA:401,0
DA:402,0
DA:403,0
DA:404,0
DA:405,0
DA:407,0
BRDA:407,30,0,-
BRDA:407,30,1,-
DA:408,0
DA:410,0
DA:413,0
BRDA:413,31,0,-
BRDA:413,31,1,-
DA:414,0
DA:416,0
DA:420,0
DA:422,0
BRDA:422,32,0,-
DA:423,0
DA:426,0
BRDA:426,33,0,-
BRDA:426,33,1,-
DA:427,0
DA:428,0
DA:429,0
DA:430,0
BRDA:430,34,0,-
DA:431,0
DA:432,0
DA:433,0
DA:438,0
DA:439,0
BRDA:439,35,0,-
BRDA:439,35,1,-
DA:441,0
DA:444,0
DA:446,0
DA:450,0
DA:456,0
FN:456,StablecoinDEX.withdraw
FNDA:0,StablecoinDEX.withdraw
DA:457,0
DA:458,0
BRDA:458,36,0,-
DA:459,0
DA:461,0
DA:468,0
FN:468,StablecoinDEX.balanceOf
FNDA:0,StablecoinDEX.balanceOf
DA:469,0
DA:479,0
FN:479,StablecoinDEX.getTickLevel
FNDA:0,StablecoinDEX.getTickLevel
DA:484,0
DA:485,0
DA:486,0
DA:487,0
DA:488,0
DA:494,0
FN:494,StablecoinDEX.getOrder
FNDA:0,StablecoinDEX.getOrder
DA:495,0
DA:496,0
BRDA:496,37,0,-
DA:497,0
DA:499,0
DA:507,0
FN:507,StablecoinDEX.quoteSwapExactAmountOut
FNDA:0,StablecoinDEX.quoteSwapExactAmountOut
DA:512,0
DA:515,0
DA:516,0
DA:517,0
DA:518,0
DA:519,0
DA:520,0
DA:523,0
DA:530,0
FN:530,StablecoinDEX._fillOrder
FNDA:0,StablecoinDEX._fillOrder
DA:535,0
DA:536,0
DA:537,0
DA:538,0
DA:539,0
DA:542,0
DA:543,0
DA:545,0
DA:548,0
BRDA:548,38,0,-
BRDA:548,38,1,-
DA:550,0
DA:553,0
DA:554,0
DA:556,0
DA:559,0
BRDA:559,39,0,-
BRDA:559,39,1,-
DA:561,0
DA:564,0
BRDA:564,40,0,-
BRDA:564,40,1,-
DA:565,0
DA:567,0
DA:570,0
BRDA:570,41,0,-
BRDA:570,41,1,-
DA:571,0
DA:573,0
DA:577,0
BRDA:577,42,0,-
DA:578,0
DA:591,0
DA:592,0
DA:597,0
BRDA:597,43,0,-
DA:598,0
DA:599,0
DA:603,0
DA:611,0
FN:611,StablecoinDEX._decrementBalanceOrTransferFrom
FNDA:0,StablecoinDEX._decrementBalanceOrTransferFrom
DA:613,0
DA:615,0
DA:616,0
DA:617,0
BRDA:617,44,0,-
DA:618,0
DA:621,0
DA:622,0
BRDA:622,45,0,-
BRDA:622,45,1,-
DA:623,0
DA:625,0
DA:626,0
DA:627,0
DA:637,0
FN:637,StablecoinDEX.swapExactAmountOut
FNDA:0,StablecoinDEX.swapExactAmountOut
DA:643,0
DA:646,0
DA:647,0
DA:648,0
DA:649,0
DA:650,0
DA:651,0
DA:654,0
DA:655,0
BRDA:655,46,0,-
DA:656,0
DA:659,0
DA:660,0
DA:668,0
FN:668,StablecoinDEX.quoteSwapExactAmountIn
FNDA:0,StablecoinDEX.quoteSwapExactAmountIn
DA:673,0
DA:676,0
DA:677,0
DA:678,0
DA:679,0
DA:680,0
DA:681,0
DA:684,0
DA:693,0
FN:693,StablecoinDEX.swapExactAmountIn
FNDA:0,StablecoinDEX.swapExactAmountIn
DA:699,0
DA:702,0
DA:703,0
DA:704,0
DA:705,0
DA:706,0
DA:707,0
DA:710,0
DA:711,0
BRDA:711,47,0,-
DA:712,0
DA:715,0
DA:716,0
DA:725,0
FN:725,StablecoinDEX._fillOrdersExactOut
FNDA:0,StablecoinDEX._fillOrdersExactOut
DA:731,0
DA:733,0
BRDA:733,48,0,-
BRDA:733,48,1,-
DA:734,0
DA:736,0
BRDA:736,49,0,-
DA:737,0
DA:740,0
DA:741,0
DA:743,0
DA:745,0
DA:746,0
DA:749,0
DA:751,0
DA:754,0
BRDA:754,50,0,-
BRDA:754,50,1,-
DA:755,0
DA:756,0
DA:758,0
DA:759,0
DA:761,0
DA:764,0
DA:766,0
BRDA:766,51,0,-
DA:767,0
DA:771,0
BRDA:771,52,0,-
DA:772,0
DA:773,0
DA:774,0
BRDA:774,53,0,-
DA:775,0
DA:778,0
DA:779,0
DA:780,0
DA:785,0
DA:787,0
BRDA:787,54,0,-
DA:788,0
DA:791,0
DA:792,0
DA:794,0
DA:795,0
DA:796,0
DA:798,0
DA:800,0
BRDA:800,55,0,-
BRDA:800,55,1,-
DA:801,0
DA:802,0
DA:804,0
DA:805,0
DA:809,0
DA:811,0
DA:814,0
DA:816,0
BRDA:816,56,0,-
DA:817,0
DA:821,0
BRDA:821,57,0,-
DA:822,0
DA:823,0
DA:824,0
BRDA:824,58,0,-
DA:825,0
DA:828,0
DA:829,0
DA:830,0
DA:842,0
FN:842,StablecoinDEX._fillOrdersExactIn
FNDA:0,StablecoinDEX._fillOrdersExactIn
DA:848,0
DA:850,0
BRDA:850,59,0,-
BRDA:850,59,1,-
DA:851,0
DA:853,0
BRDA:853,60,0,-
DA:854,0
DA:857,0
DA:858,0
DA:860,0
DA:861,0
DA:862,0
DA:864,0
DA:866,0
BRDA:866,61,0,-
BRDA:866,61,1,-
DA:867,0
DA:868,0
DA:870,0
DA:871,0
DA:875,0
DA:876,0
DA:879,0
DA:881,0
BRDA:881,62,0,-
DA:882,0
DA:886,0
BRDA:886,63,0,-
DA:887,0
DA:888,0
DA:889,0
BRDA:889,64,0,-
DA:890,0
DA:893,0
DA:894,0
DA:895,0
DA:900,0
DA:902,0
BRDA:902,65,0,-
DA:903,0
DA:906,0
DA:907,0
DA:909,0
DA:910,0
DA:911,0
DA:914,0
DA:915,0
DA:918,0
BRDA:918,66,0,-
BRDA:918,66,1,-
DA:919,0
DA:920,0
DA:924,0
DA:925,0
DA:927,0
DA:930,0
DA:932,0
BRDA:932,67,0,-
DA:933,0
DA:937,0
BRDA:937,68,0,-
DA:938,0
DA:939,0
DA:940,0
BRDA:940,69,0,-
DA:941,0
DA:944,0
DA:945,0
DA:946,0
DA:957,0
FN:957,StablecoinDEX._quoteExactOut
FNDA:0,StablecoinDEX._quoteExactOut
DA:963,0
DA:965,0
BRDA:965,70,0,-
BRDA:965,70,1,-
DA:966,0
DA:967,0
BRDA:967,71,0,-
DA:968,0
DA:971,0
DA:972,0
DA:974,0
DA:980,0
DA:982,0
DA:984,0
BRDA:984,72,0,-
BRDA:984,72,1,-
DA:985,0
DA:986,0
DA:988,0
DA:989,0
DA:992,0
DA:994,0
BRDA:994,73,0,-
DA:996,0
DA:997,0
DA:998,0
BRDA:998,74,0,-
DA:999,0
DA:1004,0
DA:1005,0
BRDA:1005,75,0,-
DA:1006,0
DA:1009,0
DA:1010,0
DA:1011,0
DA:1013,0
DA:1015,0
BRDA:1015,76,0,-
BRDA:1015,76,1,-
DA:1016,0
DA:1017,0
DA:1019,0
DA:1020,0
DA:1024,0
DA:1026,0
DA:1028,0
BRDA:1028,77,0,-
DA:1030,0
DA:1031,0
DA:1032,0
BRDA:1032,78,0,-
DA:1033,0
DA:1045,0
FN:1045,StablecoinDEX._quoteExactIn
FNDA:0,StablecoinDEX._quoteExactIn
DA:1050,0
DA:1052,0
BRDA:1052,79,0,-
BRDA:1052,79,1,-
DA:1053,0
DA:1054,0
BRDA:1054,80,0,-
DA:1055,0
DA:1058,0
DA:1059,0
DA:1060,0
DA:1062,0
DA:1064,0
BRDA:1064,81,0,-
BRDA:1064,81,1,-
DA:1065,0
DA:1066,0
DA:1068,0
DA:1069,0
DA:1072,0
DA:1074,0
BRDA:1074,82,0,-
DA:1076,0
DA:1077,0
DA:1078,0
BRDA:1078,83,0,-
DA:1079,0
DA:1084,0
DA:1085,0
BRDA:1085,84,0,-
DA:1086,0
DA:1089,0
DA:1090,0
DA:1091,0
DA:1094,0
DA:1095,0
DA:1098,0
BRDA:1098,85,0,-
BRDA:1098,85,1,-
DA:1099,0
DA:1100,0
DA:1104,0
DA:1105,0
DA:1107,0
DA:1109,0
BRDA:1109,86,0,-
DA:1111,0
DA:1112,0
DA:1113,0
BRDA:1113,87,0,-
DA:1114,0
DA:1122,0
FN:1122,StablecoinDEX.nextInitializedAskTick
FNDA:0,StablecoinDEX.nextInitializedAskTick
DA:1127,0
DA:1128,0
DA:1129,0
DA:1130,0
DA:1131,0
DA:1132,0
BRDA:1132,88,0,-
DA:1133,0
DA:1135,0
DA:1137,0
DA:1141,0
FN:1141,StablecoinDEX.nextInitializedBidTick
FNDA:0,StablecoinDEX.nextInitializedBidTick
DA:1146,0
DA:1147,0
DA:1148,0
DA:1149,0
DA:1150,0
DA:1151,0
BRDA:1151,89,0,-
DA:1152,0
DA:1154,0
DA:1156,0
DA:1167,0
FN:1167,StablecoinDEX.findTradePath
FNDA:0,StablecoinDEX.findTradePath
DA:1172,0
BRDA:1172,90,0,-
DA:1175,0
BRDA:1175,91,0,-
DA:1176,0
DA:1178,0
BRDA:1178,92,0,-
DA:1179,0
DA:1183,0
DA:1184,0
DA:1186,0
BRDA:1186,93,0,-
DA:1187,0
DA:1188,0
DA:1189,0
DA:1190,0
DA:1194,0
DA:1195,0
DA:1198,0
DA:1199,0
DA:1200,0
DA:1201,0
BRDA:1201,94,0,-
DA:1202,0
DA:1203,0
DA:1206,0
BRDA:1206,95,0,-
DA:1209,0
BRDA:1209,96,0,-
DA:1212,0
DA:1213,0
DA:1214,0
DA:1215,0
BRDA:1215,97,0,-
DA:1218,0
DA:1219,0
DA:1220,0
BRDA:1220,98,0,-
DA:1221,0
DA:1224,0
DA:1227,0
DA:1228,0
DA:1232,0
DA:1233,0
DA:1236,0
DA:1243,0
FN:1243,StablecoinDEX.validateAndBuildRoute
FNDA:0,StablecoinDEX.validateAndBuildRoute
DA:1248,0
BRDA:1248,99,0,-
DA:1250,0
DA:1251,0
DA:1257,0
DA:1259,0
DA:1260,0
DA:1261,0
DA:1263,0
DA:1264,0
DA:1271,0
BRDA:1271,100,0,-
BRDA:1271,100,1,-
DA:1273,0
DA:1274,0
DA:1278,0
BRDA:1278,101,0,-
DA:1280,0
DA:1284,0
BRDA:1284,102,0,-
BRDA:1284,102,1,-
DA:1286,0
DA:1287,0
DA:1289,0
DA:1293,0
DA:1294,0
DA:1297,0
BRDA:1297,103,0,-
DA:1298,0
DA:1301,0
DA:1302,0
DA:1305,0
DA:1311,0
FN:1311,StablecoinDEX.findPathToRoot
FNDA:0,StablecoinDEX.findPathToRoot
DA:1313,0
DA:1314,0
DA:1315,0
DA:1317,0
DA:1318,0
DA:1319,0
DA:1323,0
DA:1324,0
DA:1325,0
DA:1326,0
DA:1327,0
BRDA:1327,104,0,-
DA:1328,0
DA:1331,0
FNF:34
FNH:0
LF:558
LH:0
BRF:137
BRH:0
end_of_record
TN:
SF:src/TIP20.sol
DA:28,0
FN:28,TIP20.decimals
FNDA:0,TIP20.decimals
DA:29,0
DA:46,0
FN:46,TIP20.constructor
FNDA:0,TIP20.constructor
DA:54,0
DA:55,0
DA:56,0
DA:57,0
DA:58,0
DA:61,0
DA:62,0
DA:100,0
FN:100,TIP20.changeTransferPolicyId
FNDA:0,TIP20.changeTransferPolicyId
DA:102,0
BRDA:102,0,0,-
DA:103,0
DA:106,0
DA:113,0
FN:113,TIP20.setNextQuoteToken
FNDA:0,TIP20.setNextQuoteToken
DA:116,0
BRDA:116,1,0,-
DA:117,0
DA:121,0
BRDA:121,2,0,-
DA:122,0
BRDA:122,3,0,-
DA:123,0
DA:127,0
DA:128,0
DA:131,0
FN:131,TIP20.completeQuoteTokenUpdate
FNDA:0,TIP20.completeQuoteTokenUpdate
DA:133,0
DA:134,0
DA:135,0
BRDA:135,4,0,-
DA:136,0
DA:139,0
DA:140,0
DA:143,0
FN:143,TIP20.setSupplyCap
FNDA:0,TIP20.setSupplyCap
DA:144,0
BRDA:144,5,0,-
DA:145,0
BRDA:145,6,0,-
DA:146,0
DA:149,0
FN:149,TIP20.pause
FNDA:0,TIP20.pause
DA:150,0
DA:153,0
FN:153,TIP20.unpause
FNDA:0,TIP20.unpause
DA:154,0
DA:157,0
FN:157,TIP20.mint
FNDA:0,TIP20.mint
DA:158,0
DA:159,0
DA:162,0
FN:162,TIP20.burn
FNDA:0,TIP20.burn
DA:163,0
DA:165,0
DA:168,0
DA:171,0
FN:171,TIP20.burnBlocked
FNDA:0,TIP20.burnBlocked
DA:173,0
BRDA:173,7,0,-
DA:174,0
DA:178,0
BRDA:178,8,0,-
DA:179,0
DA:182,0
DA:184,0
DA:187,0
DA:190,0
FN:190,TIP20.mintWithMemo
FNDA:0,TIP20.mintWithMemo
DA:191,0
DA:192,0
DA:193,0
DA:196,0
FN:196,TIP20.burnWithMemo
FNDA:0,TIP20.burnWithMemo
DA:197,0
DA:199,0
DA:202,0
DA:203,0
DA:210,0
FN:210,TIP20.notPaused
FNDA:0,TIP20.notPaused
DA:211,0
BRDA:211,9,0,-
DA:215,0
FN:215,TIP20.validRecipient
FNDA:0,TIP20.validRecipient
DA:217,0
BRDA:217,10,0,-
DA:218,0
DA:223,0
FN:223,TIP20.transferAuthorized
FNDA:0,TIP20.transferAuthorized
DA:225,0
DA:226,0
DA:227,0
BRDA:227,11,0,-
DA:231,0
FN:231,TIP20.transfer
FNDA:0,TIP20.transfer
DA:239,0
DA:240,0
DA:243,0
FN:243,TIP20.approve
FNDA:0,TIP20.approve
DA:244,0
DA:245,0
DA:248,0
FN:248,TIP20.transferFrom
FNDA:0,TIP20.transferFrom
DA:256,0
DA:257,0
DA:260,0
FN:260,TIP20._transferFrom
FNDA:0,TIP20._transferFrom
DA:262,0
DA:263,0
BRDA:263,12,0,-
DA:265,0
BRDA:265,13,0,-
DA:266,0
DA:270,0
DA:273,0
FN:273,TIP20.totalSupply
FNDA:0,TIP20.totalSupply
DA:274,0
DA:277,0
FN:277,TIP20._transfer
FNDA:0,TIP20._transfer
DA:278,0
BRDA:278,14,0,-
DA:279,0
DA:283,0
DA:286,0
DA:288,0
BRDA:288,15,0,-
BRDA:288,15,1,-
DA:289,0
BRDA:289,16,0,-
DA:290,0
DA:292,0
BRDA:292,17,0,-
DA:293,0
DA:297,0
DA:298,0
BRDA:298,18,0,-
DA:301,0
DA:304,0
FN:304,TIP20._mint
FNDA:0,TIP20._mint
DA:305,0
BRDA:305,19,0,-
DA:306,0
DA:308,0
BRDA:308,20,0,-
DA:311,0
DA:312,0
BRDA:312,21,0,-
DA:313,0
DA:317,0
DA:318,0
DA:321,0
DA:328,0
FN:328,TIP20.transferWithMemo
FNDA:0,TIP20.transferWithMemo
DA:335,0
DA:336,0
DA:339,0
FN:339,TIP20.transferFromWithMemo
FNDA:0,TIP20.transferFromWithMemo
DA:348,0
DA:349,0
BRDA:349,22,0,-
DA:351,0
BRDA:351,23,0,-
DA:352,0
DA:356,0
DA:357,0
DA:358,0
DA:364,0
FN:364,TIP20.systemTransferFrom
FNDA:0,TIP20.systemTransferFrom
DA:372,0
BRDA:372,24,0,-
BRDA:372,24,1,-
DA:373,0
DA:374,0
DA:381,0
FN:381,TIP20.transferFeePreTx
FNDA:0,TIP20.transferFeePreTx
DA:382,0
BRDA:382,25,0,-
BRDA:382,25,1,-
DA:383,0
BRDA:383,26,0,-
BRDA:383,26,1,-
DA:385,0
BRDA:385,27,0,-
DA:386,0
DA:389,0
DA:390,0
BRDA:390,28,0,-
DA:391,0
DA:395,0
DA:396,0
DA:400,0
FN:400,TIP20.transferFeePostTx
FNDA:0,TIP20.transferFeePostTx
DA:401,0
BRDA:401,29,0,-
BRDA:401,29,1,-
DA:402,0
BRDA:402,30,0,-
BRDA:402,30,1,-
DA:404,0
DA:405,0
BRDA:405,31,0,-
DA:406,0
DA:409,0
DA:410,0
BRDA:410,32,0,-
DA:411,0
DA:415,0
DA:416,0
DA:419,0
DA:427,0
FN:427,TIP20._updateRewardsAndGetRecipient
FNDA:0,TIP20._updateRewardsAndGetRecipient
DA:431,0
DA:432,0
DA:433,0
DA:434,0
DA:436,0
BRDA:436,33,0,-
DA:438,0
BRDA:438,34,0,-
DA:440,0
DA:442,0
DA:444,0
DA:449,0
FN:449,TIP20.distributeReward
FNDA:0,TIP20.distributeReward
DA:450,0
BRDA:450,35,0,-
DA:451,0
BRDA:451,36,0,-
DA:452,0
DA:456,0
DA:459,0
BRDA:459,37,0,-
DA:460,0
DA:462,0
DA:463,0
DA:464,0
DA:467,0
FN:467,TIP20.setRewardRecipient
FNDA:0,TIP20.setRewardRecipient
DA:469,0
BRDA:469,38,0,-
DA:471,0
DA:472,0
DA:473,0
BRDA:473,39,0,-
DA:476,0
DA:477,0
BRDA:477,40,0,-
BRDA:477,40,1,-
DA:478,0
BRDA:478,41,0,-
DA:479,0
DA:481,0
BRDA:481,42,0,-
DA:482,0
DA:484,0
DA:486,0
DA:489,0
FN:489,TIP20.claimRewards
FNDA:0,TIP20.claimRewards
DA:491,0
DA:492,0
DA:493,0
BRDA:493,43,0,-
DA:494,0
DA:497,0
DA:499,0
DA:500,0
DA:501,0
DA:502,0
DA:504,0
DA:505,0
BRDA:505,44,0,-
DA:506,0
DA:508,0
DA:510,0
DA:520,0
FN:520,TIP20.getPendingRewards
FNDA:0,TIP20.getPendingRewards
DA:521,0
DA:524,0
DA:527,0
BRDA:527,45,0,-
DA:528,0
DA:529,0
BRDA:529,46,0,-
DA:530,0
DA:531,0
BRDA:531,47,0,-
DA:532,0
DA:533,0
FNF:33
FNH:0
LF:205
LH:0
BRF:55
BRH:0
end_of_record
TN:
SF:src/TIP20Factory.sol
DA:17,0
FN:17,TIP20Factory.createToken
FNDA:0,TIP20Factory.createToken
DA:25,0
BRDA:25,0,0,-
DA:26,0
DA:30,0
BRDA:30,1,0,-
DA:31,0
BRDA:31,2,0,-
DA:32,0
DA:36,0
DA:37,0
BRDA:37,3,0,-
DA:38,0
DA:42,0
DA:45,0
BRDA:45,4,0,-
DA:46,0
DA:53,0
DA:54,0
DA:60,0
DA:61,0
BRDA:61,5,0,-
BRDA:61,5,1,-
DA:62,0
DA:64,0
DA:66,0
DA:69,0
FN:69,TIP20Factory.isTIP20
FNDA:0,TIP20Factory.isTIP20
DA:70,0
DA:73,0
FN:73,TIP20Factory.getTokenAddress
FNDA:0,TIP20Factory.getTokenAddress
DA:74,0
DA:75,0
BRDA:75,6,0,-
DA:76,0
DA:78,0
FNF:3
FNH:0
LF:26
LH:0
BRF:8
BRH:0
end_of_record
TN:
SF:src/TIP403Registry.sol
DA:22,0
FN:22,TIP403Registry.createPolicy
FNDA:0,TIP403Registry.createPolicy
DA:26,0
DA:29,0
DA:30,0
DA:33,0
FN:33,TIP403Registry.createPolicyWithAccounts
FNDA:0,TIP403Registry.createPolicyWithAccounts
DA:38,0
DA:40,0
DA:43,0
DA:44,0
DA:46,0
BRDA:46,0,0,-
BRDA:46,0,1,-
DA:47,0
DA:49,0
DA:53,0
DA:54,0
DA:57,0
FN:57,TIP403Registry.setPolicyAdmin
FNDA:0,TIP403Registry.setPolicyAdmin
DA:58,0
BRDA:58,1,0,-
BRDA:58,1,1,-
DA:60,0
DA:62,0
DA:69,0
FN:69,TIP403Registry.modifyPolicyWhitelist
FNDA:0,TIP403Registry.modifyPolicyWhitelist
DA:70,0
DA:72,0
BRDA:72,2,0,-
BRDA:72,2,1,-
DA:73,0
BRDA:73,3,0,-
BRDA:73,3,1,-
DA:75,0
DA:77,0
DA:80,0
FN:80,TIP403Registry.modifyPolicyBlacklist
FNDA:0,TIP403Registry.modifyPolicyBlacklist
DA:81,0
DA:83,0
BRDA:83,4,0,-
BRDA:83,4,1,-
DA:84,0
BRDA:84,5,0,-
BRDA:84,5,1,-
DA:86,0
DA:88,0
DA:95,0
FN:95,TIP403Registry.policyExists
FNDA:0,TIP403Registry.policyExists
DA:97,0
BRDA:97,6,0,-
DA:98,0
DA:102,0
DA:105,0
FN:105,TIP403Registry.isAuthorized
FNDA:0,TIP403Registry.isAuthorized
DA:107,0
BRDA:107,7,0,-
DA:110,0
DA:113,0
DA:115,0
DA:120,0
FN:120,TIP403Registry.policyData
FNDA:0,TIP403Registry.policyData
DA:125,0
BRDA:125,8,0,-
BRDA:125,8,1,-
DA:127,0
DA:128,0
FNF:8
FNH:0
LF:43
LH:0
BRF:16
BRH:0
end_of_record
TN:
SF:src/TempoUtilities.sol
DA:16,0
FN:16,TempoUtilities.isTIP20
FNDA:0,TempoUtilities.isTIP20
DA:18,0
DA:19,0
FNF:1
FNH:0
LF:3
LH:0
BRF:0
BRH:0
end_of_record
TN:
SF:src/ValidatorConfig.sol
DA:28,0
FN:28,ValidatorConfig.onlyOwner
FNDA:0,ValidatorConfig.onlyOwner
DA:29,0
BRDA:29,0,0,-
DA:30,0
DA:37,0
FN:37,ValidatorConfig.constructor
FNDA:0,ValidatorConfig.constructor
DA:38,0
DA:42,0
FN:42,ValidatorConfig.getValidators
FNDA:0,ValidatorConfig.getValidators
DA:43,0
DA:45,0
DA:46,0
DA:47,0
DA:50,0
DA:54,0
FN:54,ValidatorConfig.addValidator
FNDA:0,ValidatorConfig.addValidator
DA:62,0
BRDA:62,1,0,-
DA:63,0
DA:67,0
BRDA:67,2,0,-
DA:68,0
DA:72,0
DA:73,0
DA:76,0
DA:86,0
DA:89,0
DA:93,0
FN:93,ValidatorConfig.updateValidator
FNDA:0,ValidatorConfig.updateValidator
DA:100,0
BRDA:100,3,0,-
DA:101,0
DA:105,0
BRDA:105,4,0,-
DA:106,0
DA:110,0
DA:113,0
BRDA:113,5,0,-
DA:115,0
BRDA:115,6,0,-
DA:116,0
DA:120,0
DA:127,0
DA:128,0
DA:131,0
DA:142,0
FN:142,ValidatorConfig.changeValidatorStatus
FNDA:0,ValidatorConfig.changeValidatorStatus
DA:144,0
BRDA:144,7,0,-
DA:145,0
DA:148,0
DA:152,0
FN:152,ValidatorConfig.changeOwner
FNDA:0,ValidatorConfig.changeOwner
DA:153,0
DA:157,0
FN:157,ValidatorConfig.getNextFullDkgCeremony
FNDA:0,ValidatorConfig.getNextFullDkgCeremony
DA:158,0
DA:162,0
FN:162,ValidatorConfig.setNextFullDkgCeremony
FNDA:0,ValidatorConfig.setNextFullDkgCeremony
DA:163,0
DA:167,0
FN:167,ValidatorConfig._validateHostPort
FNDA:0,ValidatorConfig._validateHostPort
DA:168,0
DA:171,0
BRDA:171,8,0,-
DA:172,0
DA:176,0
DA:177,0
BRDA:177,9,0,-
DA:178,0
DA:182,0
DA:186,0
FN:186,ValidatorConfig._validateIpPort
FNDA:0,ValidatorConfig._validateIpPort
DA:187,0
DA:189,0
BRDA:189,10,0,-
DA:190,0
DA:194,0
BRDA:194,11,0,-
BRDA:194,11,1,-
DA:195,0
DA:197,0
DA:202,0
FN:202,ValidatorConfig._validateIpv4Port
FNDA:0,ValidatorConfig._validateIpv4Port
DA:207,0
BRDA:207,12,0,-
DA:208,0
DA:211,0
DA:214,0
DA:215,0
DA:216,0
DA:219,0
DA:220,0
DA:221,0
BRDA:221,13,0,-
DA:222,0
DA:224,0
DA:225,0
DA:226,0
DA:230,0
BRDA:230,14,0,-
DA:231,0
DA:233,0
BRDA:233,15,0,-
DA:234,0
DA:237,0
BRDA:237,16,0,-
DA:238,0
DA:242,0
BRDA:242,17,0,-
DA:243,0
BRDA:243,18,0,-
DA:244,0
DA:246,0
DA:251,0
BRDA:251,19,0,-
DA:252,0
DA:254,0
DA:257,0
DA:261,0
FN:261,ValidatorConfig._validateIpv6Port
FNDA:0,ValidatorConfig._validateIpv6Port
DA:266,0
BRDA:266,20,0,-
DA:267,0
DA:271,0
DA:272,0
DA:273,0
BRDA:273,21,0,-
DA:274,0
DA:275,0
DA:279,0
BRDA:279,22,0,-
DA:280,0
DA:284,0
DA:287,0
BRDA:287,23,0,-
DA:288,0
DA:292,0
DA:297,0
FN:297,ValidatorConfig._validateIpv6Address
FNDA:0,ValidatorConfig._validateIpv6Address
DA:304,0
BRDA:304,24,0,-
DA:305,0
DA:308,0
DA:309,0
DA:310,0
DA:313,0
BRDA:313,25,0,-
DA:314,0
DA:315,0
DA:316,0
BRDA:316,26,0,-
DA:318,0
DA:322,0
DA:324,0
DA:326,0
DA:327,0
DA:330,0
DA:331,0
DA:332,0
BRDA:332,27,0,-
DA:333,0
DA:336,0
DA:337,0
DA:341,0
BRDA:341,28,0,-
BRDA:341,28,1,-
DA:343,0
BRDA:343,29,0,-
DA:344,0
DA:347,0
BRDA:347,30,0,-
DA:348,0
DA:351,0
DA:355,0
BRDA:355,31,0,-
DA:356,0
BRDA:356,32,0,-
DA:357,0
BRDA:357,33,0,-
BRDA:357,33,1,-
DA:359,0
BRDA:359,34,0,-
DA:360,0
DA:362,0
DA:363,0
DA:366,0
BRDA:366,35,0,-
DA:367,0
DA:371,0
DA:378,0
BRDA:378,36,0,-
BRDA:378,36,1,-
DA:380,0
BRDA:380,37,0,-
DA:381,0
DA:385,0
BRDA:385,38,0,-
DA:386,0
DA:392,0
FN:392,ValidatorConfig._validatePort
FNDA:0,ValidatorConfig._validatePort
DA:398,0
BRDA:398,39,0,-
DA:399,0
DA:402,0
DA:403,0
DA:405,0
DA:406,0
DA:407,0
BRDA:407,40,0,-
DA:408,0
DA:410,0
DA:411,0
DA:414,0
BRDA:414,41,0,-
DA:415,0
DA:417,0
BRDA:417,42,0,-
DA:418,0
DA:420,0
BRDA:420,43,0,-
DA:421,0
DA:424,0
BRDA:424,44,0,-
DA:425,0
FNF:15
FNH:0
LF:162
LH:0
BRF:49
BRH:0
end_of_record
TN:
SF:src/abstracts/TIP20RolesAuth.sol
DA:14,0
FN:14,TIP20RolesAuth.constructor
FNDA:0,TIP20RolesAuth.constructor
DA:16,0
DA:19,0
FN:19,TIP20RolesAuth.onlyRole
FNDA:0,TIP20RolesAuth.onlyRole
DA:20,0
BRDA:20,0,0,-
DA:24,0
FN:24,TIP20RolesAuth.grantRole
FNDA:0,TIP20RolesAuth.grantRole
DA:25,0
DA:26,0
DA:29,0
FN:29,TIP20RolesAuth.revokeRole
FNDA:0,TIP20RolesAuth.revokeRole
DA:30,0
DA:31,0
DA:34,0
FN:34,TIP20RolesAuth.renounceRole
FNDA:0,TIP20RolesAuth.renounceRole
DA:35,0
DA:36,0
DA:39,0
FN:39,TIP20RolesAuth.setRoleAdmin
FNDA:0,TIP20RolesAuth.setRoleAdmin
DA:44,0
DA:45,0
FNF:6
FNH:0
LF:16
LH:0
BRF:1
BRH:0
end_of_record
TN:
SF:test/BaseTest.t.sol
DA:61,0
FN:61,BaseTest.setUp
FNDA:0,BaseTest.setUp
DA:63,0
DA:67,0
DA:70,0
BRDA:70,0,0,-
DA:71,0
DA:72,0
DA:73,0
DA:74,0
DA:75,0
DA:77,0
DA:82,0
DA:84,0
DA:87,0
BRDA:87,1,0,-
DA:88,0
BRDA:88,2,0,-
DA:89,0
DA:91,0
BRDA:91,3,0,-
DA:92,0
DA:94,0
BRDA:94,4,0,-
DA:95,0
DA:97,0
BRDA:97,5,0,-
DA:98,0
DA:100,0
BRDA:100,6,0,-
DA:101,0
DA:103,0
BRDA:103,7,0,-
DA:104,0
DA:106,0
BRDA:106,8,0,-
DA:107,0
DA:109,0
BRDA:109,9,0,-
DA:110,0
DA:115,0
DA:118,0
DA:124,0
DA:127,0
DA:133,0
DA:136,0
DA:138,0
FNF:1
FNH:0
LF:36
LH:0
BRF:10
BRH:0
end_of_record
TN:
SF:test/Multisig.t.sol
DA:1133,2
FN:1133,MockToken.mint
FNDA:2,MockToken.mint
DA:1134,2
DA:1137,2
FN:1137,MockToken.transfer.0
FNDA:2,MockToken.transfer.0
DA:1138,2
DA:1139,2
DA:1140,2
DA:1145,2
FN:1145,FailingToken.transfer.1
FNDA:2,FailingToken.transfer.1
DA:1146,2
DA:1153,1
FN:1153,MockTarget.setValue
FNDA:1,MockTarget.setValue
DA:1154,1
DA:1157,2
FN:1157,MockTarget.revertMe
FNDA:2,MockTarget.revertMe
DA:1158,2
DA:1165,1
FN:1165,ReentrantAttacker.setMultisig
FNDA:1,ReentrantAttacker.setMultisig
DA:1166,1
DA:1169,1
FN:1169,ReentrantAttacker.attack
FNDA:1,ReentrantAttacker.attack
DA:1171,1
DA:1178,1
FN:1178,ReentrantExecuteAttacker.constructor
FNDA:1,ReentrantExecuteAttacker.constructor
DA:1179,1
DA:1182,1
FN:1182,ReentrantExecuteAttacker.attackExecute
FNDA:1,ReentrantExecuteAttacker.attackExecute
DA:1186,1
BRDA:1186,1,0,1
FNF:9
FNH:9
LF:20
LH:20
BRF:1
BRH:1
end_of_record
TN:
SF:test/mocks/MockTIP20.sol
DA:18,0
FN:18,MockTIP20.constructor
FNDA:0,MockTIP20.constructor
DA:19,0
DA:20,0
DA:21,0
DA:22,0
DA:25,0
FN:25,MockTIP20.transfer
FNDA:0,MockTIP20.transfer
DA:26,0
BRDA:26,0,0,-
BRDA:26,0,1,-
DA:27,0
DA:28,0
DA:29,0
DA:30,0
DA:33,0
FN:33,MockTIP20.transferFrom
FNDA:0,MockTIP20.transferFrom
DA:34,0
BRDA:34,1,0,-
BRDA:34,1,1,-
DA:35,0
BRDA:35,2,0,-
BRDA:35,2,1,-
DA:37,0
DA:38,0
DA:39,0
DA:41,0
DA:42,0
DA:45,0
FN:45,MockTIP20.approve
FNDA:0,MockTIP20.approve
DA:46,0
DA:47,0
DA:48,0
FNF:4
FNH:0
LF:23
LH:0
BRF:6
BRH:0
end_of_record
